# JRE version: OpenJDK Runtime Environment 18.9 (11.0.12+7) (build 11.0.12+7)
# Java VM: OpenJDK 64-Bit Server VM 18.9 (11.0.12+7, mixed mode, tiered, compressed oops, g1 gc, windows-amd64)
Heap:
 garbage-first heap   total 432128K, used 356163K [0x0000000080000000, 0x0000000100000000)
  region size 1024K, 13 young (13312K), 3 survivors (3072K)
 Metaspace       used 134446K, capacity 143824K, committed 143996K, reserved 1173504K
  class space    used 16815K, capacity 20458K, committed 20480K, reserved 1048576K
GC Heap History (20 events):
Event: 1321.707 GC heap before
{Heap before GC invocations=184 (full 0):
 garbage-first heap   total 432128K, used 364870K [0x0000000080000000, 0x0000000100000000)
  region size 1024K, 23 young (23552K), 2 survivors (2048K)
 Metaspace       used 131876K, capacity 141227K, committed 141308K, reserved 1171456K
  class space    used 16441K, capacity 20036K, committed 20096K, reserved 1048576K
}
Event: 1321.710 GC heap after
{Heap after GC invocations=185 (full 0):
 garbage-first heap   total 432128K, used 344384K [0x0000000080000000, 0x0000000100000000)
  region size 1024K, 2 young (2048K), 2 survivors (2048K)
 Metaspace       used 131876K, capacity 141227K, committed 141308K, reserved 1171456K
  class space    used 16441K, capacity 20036K, committed 20096K, reserved 1048576K
}
Event: 1321.871 GC heap before
{Heap before GC invocations=185 (full 0):
 garbage-first heap   total 432128K, used 362816K [0x0000000080000000, 0x0000000100000000)
  region size 1024K, 21 young (21504K), 2 survivors (2048K)
 Metaspace       used 132767K, capacity 142173K, committed 142460K, reserved 1171456K
  class space    used 16594K, capacity 20154K, committed 20224K, reserved 1048576K
}
Event: 1321.879 GC heap after
{Heap after GC invocations=186 (full 0):
 garbage-first heap   total 432128K, used 334600K [0x0000000080000000, 0x0000000100000000)
  region size 1024K, 3 young (3072K), 3 survivors (3072K)
 Metaspace       used 132767K, capacity 142173K, committed 142460K, reserved 1171456K
  class space    used 16594K, capacity 20154K, committed 20224K, reserved 1048576K
}
Event: 1333.085 GC heap before
{Heap before GC invocations=186 (full 0):
 garbage-first heap   total 432128K, used 366344K [0x0000000080000000, 0x0000000100000000)
  region size 1024K, 32 young (32768K), 3 survivors (3072K)
 Metaspace       used 134112K, capacity 143567K, committed 143740K, reserved 1173504K
  class space    used 16813K, capacity 20423K, committed 20480K, reserved 1048576K
}
Event: 1333.090 GC heap after
{Heap after GC invocations=187 (full 0):
 garbage-first heap   total 432128K, used 340920K [0x0000000080000000, 0x0000000100000000)
  region size 1024K, 4 young (4096K), 4 survivors (4096K)
 Metaspace       used 134112K, capacity 143567K, committed 143740K, reserved 1173504K
  class space    used 16813K, capacity 20423K, committed 20480K, reserved 1048576K
}
Event: 1333.320 GC heap before
{Heap before GC invocations=187 (full 0):
 garbage-first heap   total 432128K, used 368568K [0x0000000080000000, 0x0000000100000000)
  region size 1024K, 31 young (31744K), 4 survivors (4096K)
 Metaspace       used 134248K, capacity 143706K, committed 143996K, reserved 1173504K
  class space    used 16813K, capacity 20424K, committed 20480K, reserved 1048576K
}
Event: 1333.325 GC heap after
{Heap after GC invocations=188 (full 0):
 garbage-first heap   total 432128K, used 344853K [0x0000000080000000, 0x0000000100000000)
  region size 1024K, 4 young (4096K), 4 survivors (4096K)
 Metaspace       used 134248K, capacity 143706K, committed 143996K, reserved 1173504K
  class space    used 16813K, capacity 20424K, committed 20480K, reserved 1048576K
}
Event: 1336.727 GC heap before
{Heap before GC invocations=188 (full 0):
 garbage-first heap   total 432128K, used 350997K [0x0000000080000000, 0x0000000100000000)
  region size 1024K, 12 young (12288K), 4 survivors (4096K)
 Metaspace       used 134287K, capacity 143719K, committed 143996K, reserved 1173504K
  class space    used 16814K, capacity 20426K, committed 20480K, reserved 1048576K
}
Event: 1336.731 GC heap after
{Heap after GC invocations=189 (full 0):
 garbage-first heap   total 432128K, used 346419K [0x0000000080000000, 0x0000000100000000)
  region size 1024K, 2 young (2048K), 2 survivors (2048K)
 Metaspace       used 134287K, capacity 143719K, committed 143996K, reserved 1173504K
  class space    used 16814K, capacity 20426K, committed 20480K, reserved 1048576K
}
Event: 1337.067 GC heap before
{Heap before GC invocations=189 (full 0):
 garbage-first heap   total 432128K, used 370995K [0x0000000080000000, 0x0000000100000000)
  region size 1024K, 23 young (23552K), 2 survivors (2048K)
 Metaspace       used 134300K, capacity 143720K, committed 143996K, reserved 1173504K
  class space    used 16814K, capacity 20426K, committed 20480K, reserved 1048576K
}
Event: 1337.071 GC heap after
{Heap after GC invocations=190 (full 0):
 garbage-first heap   total 432128K, used 351621K [0x0000000080000000, 0x0000000100000000)
  region size 1024K, 3 young (3072K), 3 survivors (3072K)
 Metaspace       used 134300K, capacity 143720K, committed 143996K, reserved 1173504K
  class space    used 16814K, capacity 20426K, committed 20480K, reserved 1048576K
}
Event: 1337.328 GC heap before
{Heap before GC invocations=191 (full 0):
 garbage-first heap   total 432128K, used 371077K [0x0000000080000000, 0x0000000100000000)
  region size 1024K, 23 young (23552K), 3 survivors (3072K)
 Metaspace       used 134328K, capacity 143753K, committed 143996K, reserved 1173504K
  class space    used 16815K, capacity 20458K, committed 20480K, reserved 1048576K
}
Event: 1337.331 GC heap after
{Heap after GC invocations=192 (full 0):
 garbage-first heap   total 432128K, used 350413K [0x0000000080000000, 0x0000000100000000)
  region size 1024K, 3 young (3072K), 3 survivors (3072K)
 Metaspace       used 134328K, capacity 143753K, committed 143996K, reserved 1173504K
  class space    used 16815K, capacity 20458K, committed 20480K, reserved 1048576K
}
Event: 1337.559 GC heap before
{Heap before GC invocations=192 (full 0):
 garbage-first heap   total 432128K, used 369869K [0x0000000080000000, 0x0000000100000000)
  region size 1024K, 21 young (21504K), 3 survivors (3072K)
 Metaspace       used 134350K, capacity 143754K, committed 143996K, reserved 1173504K
  class space    used 16815K, capacity 20458K, committed 20480K, reserved 1048576K
}
Event: 1337.567 GC heap after
{Heap after GC invocations=193 (full 0):
 garbage-first heap   total 432128K, used 345553K [0x0000000080000000, 0x0000000100000000)
  region size 1024K, 3 young (3072K), 3 survivors (3072K)
 Metaspace       used 134350K, capacity 143754K, committed 143996K, reserved 1173504K
  class space    used 16815K, capacity 20458K, committed 20480K, reserved 1048576K
}
Event: 1337.829 GC heap before
{Heap before GC invocations=193 (full 0):
 garbage-first heap   total 432128K, used 368081K [0x0000000080000000, 0x0000000100000000)
  region size 1024K, 27 young (27648K), 3 survivors (3072K)
 Metaspace       used 134435K, capacity 143824K, committed 143996K, reserved 1173504K
  class space    used 16815K, capacity 20458K, committed 20480K, reserved 1048576K
}
Event: 1337.835 GC heap after
{Heap after GC invocations=194 (full 0):
 garbage-first heap   total 432128K, used 346521K [0x0000000080000000, 0x0000000100000000)
  region size 1024K, 3 young (3072K), 3 survivors (3072K)
 Metaspace       used 134435K, capacity 143824K, committed 143996K, reserved 1173504K
  class space    used 16815K, capacity 20458K, committed 20480K, reserved 1048576K
}
Event: 1338.104 GC heap before
{Heap before GC invocations=194 (full 0):
 garbage-first heap   total 432128K, used 372121K [0x0000000080000000, 0x0000000100000000)
  region size 1024K, 28 young (28672K), 3 survivors (3072K)
 Metaspace       used 134446K, capacity 143824K, committed 143996K, reserved 1173504K
  class space    used 16815K, capacity 20458K, committed 20480K, reserved 1048576K
}
Event: 1338.110 GC heap after
{Heap after GC invocations=195 (full 0):
 garbage-first heap   total 432128K, used 347971K [0x0000000080000000, 0x0000000100000000)
  region size 1024K, 3 young (3072K), 3 survivors (3072K)
 Metaspace       used 134446K, capacity 143824K, committed 143996K, reserved 1173504K
  class space    used 16815K, capacity 20458K, committed 20480K, reserved 1048576K
}

